app/build/intermediates/manifest_merge_blame_file/debug/manifest-merger-blame-debug-report.txt
1<?xml version="1.0" encoding="utf-8"?>
2<manifest xmlns:android="http://schemas.android.com/apk/res/android"
3    package="com.example.helpinghand"
4    android:versionCode="1"
5    android:versionName="1.0" >
6
7    <uses-sdk
8        android:minSdkVersion="28"
8-->src\main\AndroidManifest.xml
9        android:targetSdkVersion="29" />
9-->src\main\AndroidManifest.xml
10
11    <uses-permission android:name="android.permission.INTERNET" />
11-->src\main\AndroidManifest.xml:5:5-67
11-->src\main\AndroidManifest.xml:5:22-64
12    <uses-permission android:name="android.permission.ACCESS_NETWORK_STATE" />
12-->src\main\AndroidManifest.xml:6:5-79
12-->src\main\AndroidManifest.xml:6:22-76
13    <uses-permission android:name="android.permission.ACCESS_FINE_LOCATION" />
13-->src\main\AndroidManifest.xml:7:5-79
13-->src\main\AndroidManifest.xml:7:22-76
14    <uses-permission android:name="android.permission.WRITE_EXTERNAL_STORAGE" />
14-->src\main\AndroidManifest.xml:8:5-81
14-->src\main\AndroidManifest.xml:8:22-78
15    <uses-permission android:name="android.permission.READ_EXTERNAL_STORAGE" />
15-->src\main\AndroidManifest.xml:9:5-80
15-->src\main\AndroidManifest.xml:9:22-77
16    <uses-permission android:name="android.permission.CAMERA" />
16-->src\main\AndroidManifest.xml:10:5-65
16-->src\main\AndroidManifest.xml:10:22-62
17    <uses-permission android:name="android.permission.FOREGROUND_SERVICE" />
17-->[io.getstream:stream-chat-android-offline:4.8.0] AndroidManifest.xml:10:5-77
17-->[io.getstream:stream-chat-android-offline:4.8.0] AndroidManifest.xml:10:22-74
18
19    <uses-feature
19-->[com.google.android.gms:play-services-maps:17.0.0] AndroidManifest.xml:26:5-28:35
20        android:glEsVersion="0x00020000"
20-->[com.google.android.gms:play-services-maps:17.0.0] AndroidManifest.xml:27:9-41
21        android:required="true" />
21-->[com.google.android.gms:play-services-maps:17.0.0] AndroidManifest.xml:28:9-32
22
23    <uses-permission android:name="android.permission.WAKE_LOCK" /> <!-- Required by older versions of Google Play services to create IID tokens -->
23-->[com.google.firebase:firebase-iid:21.0.1] AndroidManifest.xml:24:5-68
23-->[com.google.firebase:firebase-iid:21.0.1] AndroidManifest.xml:24:22-65
24    <uses-permission android:name="com.google.android.c2dm.permission.RECEIVE" />
24-->[com.google.firebase:firebase-iid:21.0.1] AndroidManifest.xml:26:5-82
24-->[com.google.firebase:firebase-iid:21.0.1] AndroidManifest.xml:26:22-79
25    <uses-permission android:name="android.permission.RECEIVE_BOOT_COMPLETED" />
25-->[androidx.work:work-runtime:2.5.0] AndroidManifest.xml:27:5-81
25-->[androidx.work:work-runtime:2.5.0] AndroidManifest.xml:27:22-78
26
27    <application
27-->src\main\AndroidManifest.xml:12:5-48:19
28        android:allowBackup="true"
28-->src\main\AndroidManifest.xml:13:9-35
29        android:appComponentFactory="androidx.core.app.CoreComponentFactory"
29-->[androidx.core:core:1.3.2] AndroidManifest.xml:24:18-86
30        android:debuggable="true"
31        android:extractNativeLibs="false"
32        android:icon="@mipmap/ic_launcher"
32-->src\main\AndroidManifest.xml:14:9-43
33        android:label="@string/app_name"
33-->src\main\AndroidManifest.xml:15:9-41
34        android:roundIcon="@mipmap/ic_launcher_round"
34-->src\main\AndroidManifest.xml:16:9-54
35        android:supportsRtl="true"
35-->src\main\AndroidManifest.xml:17:9-35
36        android:testOnly="true"
37        android:theme="@style/Theme.HelpingHand" >
37-->src\main\AndroidManifest.xml:18:9-49
38        <meta-data
38-->src\main\AndroidManifest.xml:20:9-22:71
39            android:name="com.google.android.geo.API_KEY"
39-->src\main\AndroidManifest.xml:21:13-58
40            android:value="AIzaSyCdt-iQdK_cdnqplCTpbe48ajOuVgVqDhw" />
40-->src\main\AndroidManifest.xml:22:13-68
41
42        <activity android:name="com.example.helpinghand.Login" />
42-->src\main\AndroidManifest.xml:24:9-43
42-->src\main\AndroidManifest.xml:24:19-40
43        <activity android:name="com.example.helpinghand.Register" />
43-->src\main\AndroidManifest.xml:25:9-46
43-->src\main\AndroidManifest.xml:25:19-43
44        <activity android:name="com.example.helpinghand.RegisterSuccessful" />
44-->src\main\AndroidManifest.xml:26:9-55
44-->src\main\AndroidManifest.xml:26:19-53
45        <activity android:name="com.example.helpinghand.HomePage" />
45-->src\main\AndroidManifest.xml:27:9-45
45-->src\main\AndroidManifest.xml:27:19-43
46        <activity android:name="com.example.helpinghand.Profile" />
46-->src\main\AndroidManifest.xml:28:9-44
46-->src\main\AndroidManifest.xml:28:19-42
47        <activity android:name="com.example.helpinghand.ProfileUpdate" />
47-->src\main\AndroidManifest.xml:29:9-50
47-->src\main\AndroidManifest.xml:29:19-48
48        <activity android:name="com.example.helpinghand.PasswordChange" />
48-->src\main\AndroidManifest.xml:30:9-51
48-->src\main\AndroidManifest.xml:30:19-49
49        <activity android:name="com.example.helpinghand.HomeHelpers" />
49-->src\main\AndroidManifest.xml:31:9-48
49-->src\main\AndroidManifest.xml:31:19-46
50        <activity android:name="com.example.helpinghand.HomeInNeed" />
50-->src\main\AndroidManifest.xml:32:9-47
50-->src\main\AndroidManifest.xml:32:19-45
51        <activity android:name="com.example.helpinghand.ChangeGroup" />
51-->src\main\AndroidManifest.xml:33:9-48
51-->src\main\AndroidManifest.xml:33:19-46
52        <activity android:name="com.example.helpinghand.MapsActivity" />
52-->src\main\AndroidManifest.xml:34:9-49
52-->src\main\AndroidManifest.xml:34:19-47
53        <activity android:name="com.example.helpinghand.Contact" />
53-->src\main\AndroidManifest.xml:35:9-44
53-->src\main\AndroidManifest.xml:35:19-42
54        <activity android:name="com.example.helpinghand.UploadPhoto" />
54-->src\main\AndroidManifest.xml:36:9-48
54-->src\main\AndroidManifest.xml:36:19-46
55        <activity android:name="com.example.helpinghand.Chat" />
55-->src\main\AndroidManifest.xml:37:9-41
55-->src\main\AndroidManifest.xml:37:19-39
56        <activity android:name="com.example.helpinghand.model.ChannelActivity" />
56-->src\main\AndroidManifest.xml:38:9-58
56-->src\main\AndroidManifest.xml:38:19-56
57        <activity android:name="com.example.helpinghand.MainActivity" >
57-->src\main\AndroidManifest.xml:39:9-47:20
57-->src\main\AndroidManifest.xml:40:13-41
58            <intent-filter>
58-->src\main\AndroidManifest.xml:42:13-46:29
59                <action android:name="android.intent.action.MAIN" />
59-->src\main\AndroidManifest.xml:43:17-69
59-->src\main\AndroidManifest.xml:43:25-66
60
61                <category android:name="android.intent.category.LAUNCHER" />
61-->src\main\AndroidManifest.xml:45:17-77
61-->src\main\AndroidManifest.xml:45:27-74
62            </intent-filter>
63        </activity>
64
65        <provider
65-->[io.getstream:stream-chat-android-ui-components:4.8.0] AndroidManifest.xml:17:9-28:20
66            android:name="androidx.startup.InitializationProvider"
66-->[io.getstream:stream-chat-android-ui-components:4.8.0] AndroidManifest.xml:18:13-67
67            android:authorities="com.example.helpinghand.androidx-startup"
67-->[io.getstream:stream-chat-android-ui-components:4.8.0] AndroidManifest.xml:19:13-68
68            android:exported="false" >
68-->[io.getstream:stream-chat-android-ui-components:4.8.0] AndroidManifest.xml:20:13-37
69            <meta-data
69-->[io.getstream:stream-chat-android-ui-components:4.8.0] AndroidManifest.xml:22:13-24:52
70                android:name="io.getstream.chat.android.ui.common.internal.ChatUIInitializer"
70-->[io.getstream:stream-chat-android-ui-components:4.8.0] AndroidManifest.xml:23:17-94
71                android:value="androidx.startup" />
71-->[io.getstream:stream-chat-android-ui-components:4.8.0] AndroidManifest.xml:24:17-49
72            <meta-data
72-->[io.getstream:stream-chat-android-ui-components:4.8.0] AndroidManifest.xml:25:13-27:52
73                android:name="io.getstream.chat.android.ui.common.internal.ImageLoaderFactoryInitializer"
73-->[io.getstream:stream-chat-android-ui-components:4.8.0] AndroidManifest.xml:26:17-106
74                android:value="androidx.startup" />
74-->[io.getstream:stream-chat-android-ui-components:4.8.0] AndroidManifest.xml:27:17-49
75            <meta-data
75-->[io.getstream:stream-chat-android-ui-common:4.8.0] AndroidManifest.xml:30:13-32:52
76                android:name="com.getstream.sdk.chat.startup.ThreeTenInitializer"
76-->[io.getstream:stream-chat-android-ui-common:4.8.0] AndroidManifest.xml:31:17-82
77                android:value="androidx.startup" />
77-->[io.getstream:stream-chat-android-ui-common:4.8.0] AndroidManifest.xml:32:17-49
78        </provider>
79
80        <activity android:name="io.getstream.chat.android.ui.gallery.AttachmentGalleryActivity" />
80-->[io.getstream:stream-chat-android-ui-components:4.8.0] AndroidManifest.xml:30:9-99
80-->[io.getstream:stream-chat-android-ui-components:4.8.0] AndroidManifest.xml:30:19-96
81        <activity android:name="io.getstream.chat.android.ui.gallery.AttachmentMediaActivity" />
81-->[io.getstream:stream-chat-android-ui-components:4.8.0] AndroidManifest.xml:31:9-97
81-->[io.getstream:stream-chat-android-ui-components:4.8.0] AndroidManifest.xml:31:19-94
82        <activity android:name="io.getstream.chat.android.ui.gallery.AttachmentActivity" />
82-->[io.getstream:stream-chat-android-ui-components:4.8.0] AndroidManifest.xml:32:9-92
82-->[io.getstream:stream-chat-android-ui-components:4.8.0] AndroidManifest.xml:32:19-89
83        <activity android:name="com.getstream.sdk.chat.view.activity.AttachmentMediaActivity" />
83-->[io.getstream:stream-chat-android-ui-common:4.8.0] AndroidManifest.xml:12:9-97
83-->[io.getstream:stream-chat-android-ui-common:4.8.0] AndroidManifest.xml:12:19-94
84        <activity android:name="com.getstream.sdk.chat.view.activity.AttachmentDocumentActivity" />
84-->[io.getstream:stream-chat-android-ui-common:4.8.0] AndroidManifest.xml:13:9-100
84-->[io.getstream:stream-chat-android-ui-common:4.8.0] AndroidManifest.xml:13:19-97
85        <activity android:name="com.getstream.sdk.chat.view.activity.AttachmentActivity" />
85-->[io.getstream:stream-chat-android-ui-common:4.8.0] AndroidManifest.xml:14:9-92
85-->[io.getstream:stream-chat-android-ui-common:4.8.0] AndroidManifest.xml:14:19-89
86
87        <provider
87-->[io.getstream:stream-chat-android-ui-common:4.8.0] AndroidManifest.xml:16:9-24:20
88            android:name="com.getstream.sdk.chat.StreamFileProvider"
88-->[io.getstream:stream-chat-android-ui-common:4.8.0] AndroidManifest.xml:17:13-69
89            android:authorities="com.example.helpinghand.streamfileprovider"
89-->[io.getstream:stream-chat-android-ui-common:4.8.0] AndroidManifest.xml:18:13-70
90            android:exported="false"
90-->[io.getstream:stream-chat-android-ui-common:4.8.0] AndroidManifest.xml:19:13-37
91            android:grantUriPermissions="true" >
91-->[io.getstream:stream-chat-android-ui-common:4.8.0] AndroidManifest.xml:20:13-47
92            <meta-data
92-->[io.getstream:stream-chat-android-ui-common:4.8.0] AndroidManifest.xml:21:13-23:60
93                android:name="android.support.FILE_PROVIDER_PATHS"
93-->[io.getstream:stream-chat-android-ui-common:4.8.0] AndroidManifest.xml:22:17-67
94                android:resource="@xml/stream_filepaths" />
94-->[io.getstream:stream-chat-android-ui-common:4.8.0] AndroidManifest.xml:23:17-57
95        </provider>
96
97        <activity
97-->[com.karumi:dexter:6.2.2] AndroidManifest.xml:27:9-29:72
98            android:name="com.karumi.dexter.DexterActivity"
98-->[com.karumi:dexter:6.2.2] AndroidManifest.xml:28:13-60
99            android:theme="@style/Dexter.Internal.Theme.Transparent" />
99-->[com.karumi:dexter:6.2.2] AndroidManifest.xml:29:13-69
100
101        <service
101-->[io.getstream:stream-chat-android-offline:4.8.0] AndroidManifest.xml:13:9-19:19
102            android:name="io.getstream.chat.android.livedata.service.sync.OfflineSyncFirebaseMessagingService"
102-->[io.getstream:stream-chat-android-offline:4.8.0] AndroidManifest.xml:14:13-111
103            android:exported="false" >
103-->[io.getstream:stream-chat-android-offline:4.8.0] AndroidManifest.xml:15:13-37
104            <intent-filter android:priority="-1" >
104-->[io.getstream:stream-chat-android-offline:4.8.0] AndroidManifest.xml:16:13-18:29
104-->[io.getstream:stream-chat-android-offline:4.8.0] AndroidManifest.xml:16:28-49
105                <action android:name="com.google.firebase.MESSAGING_EVENT" />
105-->[io.getstream:stream-chat-android-offline:4.8.0] AndroidManifest.xml:17:17-78
105-->[io.getstream:stream-chat-android-offline:4.8.0] AndroidManifest.xml:17:25-75
106            </intent-filter>
107        </service>
108
109        <receiver
109-->[io.getstream:stream-chat-android-client:4.8.0] AndroidManifest.xml:14:9-22:20
110            android:name="io.getstream.chat.android.client.receivers.NotificationMessageReceiver"
110-->[io.getstream:stream-chat-android-client:4.8.0] AndroidManifest.xml:15:13-98
111            android:enabled="true"
111-->[io.getstream:stream-chat-android-client:4.8.0] AndroidManifest.xml:16:13-35
112            android:exported="false" >
112-->[io.getstream:stream-chat-android-client:4.8.0] AndroidManifest.xml:17:13-37
113            <intent-filter>
113-->[io.getstream:stream-chat-android-client:4.8.0] AndroidManifest.xml:18:13-21:29
114                <action android:name="com.getstream.sdk.chat.READ" />
114-->[io.getstream:stream-chat-android-client:4.8.0] AndroidManifest.xml:19:17-70
114-->[io.getstream:stream-chat-android-client:4.8.0] AndroidManifest.xml:19:25-67
115                <action android:name="com.getstream.sdk.chat.REPLY" />
115-->[io.getstream:stream-chat-android-client:4.8.0] AndroidManifest.xml:20:17-71
115-->[io.getstream:stream-chat-android-client:4.8.0] AndroidManifest.xml:20:25-68
116            </intent-filter>
117        </receiver>
118
119        <service
119-->[io.getstream:stream-chat-android-client:4.8.0] AndroidManifest.xml:24:9-30:19
120            android:name="io.getstream.chat.android.client.notifications.ChatFirebaseMessagingService"
120-->[io.getstream:stream-chat-android-client:4.8.0] AndroidManifest.xml:25:13-103
121            android:exported="false" >
121-->[io.getstream:stream-chat-android-client:4.8.0] AndroidManifest.xml:26:13-37
122            <intent-filter android:priority="-2" >
122-->[io.getstream:stream-chat-android-offline:4.8.0] AndroidManifest.xml:16:13-18:29
122-->[io.getstream:stream-chat-android-offline:4.8.0] AndroidManifest.xml:16:28-49
123                <action android:name="com.google.firebase.MESSAGING_EVENT" />
123-->[io.getstream:stream-chat-android-offline:4.8.0] AndroidManifest.xml:17:17-78
123-->[io.getstream:stream-chat-android-offline:4.8.0] AndroidManifest.xml:17:25-75
124            </intent-filter>
125        </service>
126
127        <activity
127-->[com.google.firebase:firebase-auth:20.0.3] AndroidManifest.xml:27:9-44:20
128            android:name="com.google.firebase.auth.internal.GenericIdpActivity"
128-->[com.google.firebase:firebase-auth:20.0.3] AndroidManifest.xml:28:13-80
129            android:excludeFromRecents="true"
129-->[com.google.firebase:firebase-auth:20.0.3] AndroidManifest.xml:29:13-46
130            android:exported="true"
130-->[com.google.firebase:firebase-auth:20.0.3] AndroidManifest.xml:30:13-36
131            android:launchMode="singleTask"
131-->[com.google.firebase:firebase-auth:20.0.3] AndroidManifest.xml:31:13-44
132            android:theme="@android:style/Theme.Translucent.NoTitleBar" >
132-->[com.google.firebase:firebase-auth:20.0.3] AndroidManifest.xml:32:13-72
133            <intent-filter>
133-->[com.google.firebase:firebase-auth:20.0.3] AndroidManifest.xml:33:13-43:29
134                <action android:name="android.intent.action.VIEW" />
134-->[com.google.firebase:firebase-auth:20.0.3] AndroidManifest.xml:34:17-69
134-->[com.google.firebase:firebase-auth:20.0.3] AndroidManifest.xml:34:25-66
135
136                <category android:name="android.intent.category.DEFAULT" />
136-->[com.google.firebase:firebase-auth:20.0.3] AndroidManifest.xml:36:17-76
136-->[com.google.firebase:firebase-auth:20.0.3] AndroidManifest.xml:36:27-73
137                <category android:name="android.intent.category.BROWSABLE" />
137-->[com.google.firebase:firebase-auth:20.0.3] AndroidManifest.xml:37:17-78
137-->[com.google.firebase:firebase-auth:20.0.3] AndroidManifest.xml:37:27-75
138
139                <data
139-->[com.google.firebase:firebase-auth:20.0.3] AndroidManifest.xml:39:17-42:51
140                    android:host="firebase.auth"
140-->[com.google.firebase:firebase-auth:20.0.3] AndroidManifest.xml:40:21-49
141                    android:path="/"
141-->[com.google.firebase:firebase-auth:20.0.3] AndroidManifest.xml:41:21-37
142                    android:scheme="genericidp" />
142-->[com.google.firebase:firebase-auth:20.0.3] AndroidManifest.xml:42:21-48
143            </intent-filter>
144        </activity>
145        <activity
145-->[com.google.firebase:firebase-auth:20.0.3] AndroidManifest.xml:45:9-62:20
146            android:name="com.google.firebase.auth.internal.RecaptchaActivity"
146-->[com.google.firebase:firebase-auth:20.0.3] AndroidManifest.xml:46:13-79
147            android:excludeFromRecents="true"
147-->[com.google.firebase:firebase-auth:20.0.3] AndroidManifest.xml:47:13-46
148            android:exported="true"
148-->[com.google.firebase:firebase-auth:20.0.3] AndroidManifest.xml:48:13-36
149            android:launchMode="singleTask"
149-->[com.google.firebase:firebase-auth:20.0.3] AndroidManifest.xml:49:13-44
150            android:theme="@android:style/Theme.Translucent.NoTitleBar" >
150-->[com.google.firebase:firebase-auth:20.0.3] AndroidManifest.xml:50:13-72
151            <intent-filter>
151-->[com.google.firebase:firebase-auth:20.0.3] AndroidManifest.xml:51:13-61:29
152                <action android:name="android.intent.action.VIEW" />
152-->[com.google.firebase:firebase-auth:20.0.3] AndroidManifest.xml:34:17-69
152-->[com.google.firebase:firebase-auth:20.0.3] AndroidManifest.xml:34:25-66
153
154                <category android:name="android.intent.category.DEFAULT" />
154-->[com.google.firebase:firebase-auth:20.0.3] AndroidManifest.xml:36:17-76
154-->[com.google.firebase:firebase-auth:20.0.3] AndroidManifest.xml:36:27-73
155                <category android:name="android.intent.category.BROWSABLE" />
155-->[com.google.firebase:firebase-auth:20.0.3] AndroidManifest.xml:37:17-78
155-->[com.google.firebase:firebase-auth:20.0.3] AndroidManifest.xml:37:27-75
156
157                <data
157-->[com.google.firebase:firebase-auth:20.0.3] AndroidManifest.xml:39:17-42:51
158                    android:host="firebase.auth"
158-->[com.google.firebase:firebase-auth:20.0.3] AndroidManifest.xml:40:21-49
159                    android:path="/"
159-->[com.google.firebase:firebase-auth:20.0.3] AndroidManifest.xml:41:21-37
160                    android:scheme="recaptcha" />
160-->[com.google.firebase:firebase-auth:20.0.3] AndroidManifest.xml:42:21-48
161            </intent-filter>
162        </activity>
163
164        <service
164-->[com.google.firebase:firebase-auth:20.0.3] AndroidManifest.xml:64:9-73:19
165            android:name="com.google.firebase.auth.api.fallback.service.FirebaseAuthFallbackService"
165-->[com.google.firebase:firebase-auth:20.0.3] AndroidManifest.xml:65:13-101
166            android:enabled="true"
166-->[com.google.firebase:firebase-auth:20.0.3] AndroidManifest.xml:66:13-35
167            android:exported="false" >
167-->[com.google.firebase:firebase-auth:20.0.3] AndroidManifest.xml:67:13-37
168            <intent-filter>
168-->[com.google.firebase:firebase-auth:20.0.3] AndroidManifest.xml:68:13-72:29
169                <action android:name="com.google.firebase.auth.api.gms.service.START" />
169-->[com.google.firebase:firebase-auth:20.0.3] AndroidManifest.xml:69:17-89
169-->[com.google.firebase:firebase-auth:20.0.3] AndroidManifest.xml:69:25-86
170
171                <category android:name="android.intent.category.DEFAULT" />
171-->[com.google.firebase:firebase-auth:20.0.3] AndroidManifest.xml:36:17-76
171-->[com.google.firebase:firebase-auth:20.0.3] AndroidManifest.xml:36:27-73
172            </intent-filter>
173        </service>
174        <service
174-->[com.google.firebase:firebase-auth:20.0.3] AndroidManifest.xml:74:9-80:19
175            android:name="com.google.firebase.components.ComponentDiscoveryService"
175-->[com.google.firebase:firebase-auth:20.0.3] AndroidManifest.xml:75:13-84
176            android:directBootAware="true"
176-->[com.google.firebase:firebase-common:19.5.0] AndroidManifest.xml:35:13-43
177            android:exported="false" >
177-->[com.google.firebase:firebase-auth:20.0.3] AndroidManifest.xml:76:13-37
178            <meta-data
178-->[com.google.firebase:firebase-auth:20.0.3] AndroidManifest.xml:77:13-79:85
179                android:name="com.google.firebase.components:com.google.firebase.auth.FirebaseAuthRegistrar"
179-->[com.google.firebase:firebase-auth:20.0.3] AndroidManifest.xml:78:17-109
180                android:value="com.google.firebase.components.ComponentRegistrar" />
180-->[com.google.firebase:firebase-auth:20.0.3] AndroidManifest.xml:79:17-82
181            <meta-data
181-->[com.google.firebase:firebase-messaging:21.0.1] AndroidManifest.xml:39:13-41:85
182                android:name="com.google.firebase.components:com.google.firebase.messaging.FirebaseMessagingRegistrar"
182-->[com.google.firebase:firebase-messaging:21.0.1] AndroidManifest.xml:40:17-119
183                android:value="com.google.firebase.components.ComponentRegistrar" />
183-->[com.google.firebase:firebase-messaging:21.0.1] AndroidManifest.xml:41:17-82
184            <meta-data
184-->[com.google.firebase:firebase-iid:21.0.1] AndroidManifest.xml:32:13-34:85
185                android:name="com.google.firebase.components:com.google.firebase.iid.Registrar"
185-->[com.google.firebase:firebase-iid:21.0.1] AndroidManifest.xml:33:17-96
186                android:value="com.google.firebase.components.ComponentRegistrar" />
186-->[com.google.firebase:firebase-iid:21.0.1] AndroidManifest.xml:34:17-82
187            <meta-data
187-->[com.google.firebase:firebase-datatransport:17.0.10] AndroidManifest.xml:28:13-30:85
188                android:name="com.google.firebase.components:com.google.firebase.datatransport.TransportRegistrar"
188-->[com.google.firebase:firebase-datatransport:17.0.10] AndroidManifest.xml:29:17-115
189                android:value="com.google.firebase.components.ComponentRegistrar" />
189-->[com.google.firebase:firebase-datatransport:17.0.10] AndroidManifest.xml:30:17-82
190            <meta-data
190-->[com.google.firebase:firebase-installations:16.3.5] AndroidManifest.xml:18:13-20:85
191                android:name="com.google.firebase.components:com.google.firebase.installations.FirebaseInstallationsRegistrar"
191-->[com.google.firebase:firebase-installations:16.3.5] AndroidManifest.xml:19:17-127
192                android:value="com.google.firebase.components.ComponentRegistrar" />
192-->[com.google.firebase:firebase-installations:16.3.5] AndroidManifest.xml:20:17-82
193            <!--
194                This registrar is not defined in the dynamic-module-support sdk itself to allow non-firebase
195                clients to use it as well, by defining this registrar in their own core/common library.
196            -->
197            <meta-data
197-->[com.google.firebase:firebase-common:19.5.0] AndroidManifest.xml:43:13-45:85
198                android:name="com.google.firebase.components:com.google.firebase.dynamicloading.DynamicLoadingRegistrar"
198-->[com.google.firebase:firebase-common:19.5.0] AndroidManifest.xml:44:17-121
199                android:value="com.google.firebase.components.ComponentRegistrar" />
199-->[com.google.firebase:firebase-common:19.5.0] AndroidManifest.xml:45:17-82
200        </service> <!-- Needs to be explicitly declared on P+ -->
201        <uses-library
201-->[com.google.android.gms:play-services-maps:17.0.0] AndroidManifest.xml:33:9-35:40
202            android:name="org.apache.http.legacy"
202-->[com.google.android.gms:play-services-maps:17.0.0] AndroidManifest.xml:34:13-50
203            android:required="false" />
203-->[com.google.android.gms:play-services-maps:17.0.0] AndroidManifest.xml:35:13-37
204        <!--
205             FirebaseMessagingService performs security checks at runtime,
206             but set to not exported to explicitly avoid allowing another app to call it.
207        -->
208        <service
208-->[com.google.firebase:firebase-messaging:21.0.1] AndroidManifest.xml:28:9-35:19
209            android:name="com.google.firebase.messaging.FirebaseMessagingService"
209-->[com.google.firebase:firebase-messaging:21.0.1] AndroidManifest.xml:29:13-82
210            android:directBootAware="true"
210-->[com.google.firebase:firebase-messaging:21.0.1] AndroidManifest.xml:30:13-43
211            android:exported="false" >
211-->[com.google.firebase:firebase-messaging:21.0.1] AndroidManifest.xml:31:13-37
212            <intent-filter android:priority="-500" >
212-->[io.getstream:stream-chat-android-offline:4.8.0] AndroidManifest.xml:16:13-18:29
212-->[io.getstream:stream-chat-android-offline:4.8.0] AndroidManifest.xml:16:28-49
213                <action android:name="com.google.firebase.MESSAGING_EVENT" />
213-->[io.getstream:stream-chat-android-offline:4.8.0] AndroidManifest.xml:17:17-78
213-->[io.getstream:stream-chat-android-offline:4.8.0] AndroidManifest.xml:17:25-75
214            </intent-filter>
215        </service>
216
217        <receiver
217-->[com.google.firebase:firebase-iid:21.0.1] AndroidManifest.xml:37:9-44:20
218            android:name="com.google.firebase.iid.FirebaseInstanceIdReceiver"
218-->[com.google.firebase:firebase-iid:21.0.1] AndroidManifest.xml:38:13-78
219            android:exported="true"
219-->[com.google.firebase:firebase-iid:21.0.1] AndroidManifest.xml:39:13-36
220            android:permission="com.google.android.c2dm.permission.SEND" >
220-->[com.google.firebase:firebase-iid:21.0.1] AndroidManifest.xml:40:13-73
221            <intent-filter>
221-->[com.google.firebase:firebase-iid:21.0.1] AndroidManifest.xml:41:13-43:29
222                <action android:name="com.google.android.c2dm.intent.RECEIVE" />
222-->[com.google.firebase:firebase-iid:21.0.1] AndroidManifest.xml:42:17-81
222-->[com.google.firebase:firebase-iid:21.0.1] AndroidManifest.xml:42:25-78
223            </intent-filter>
224        </receiver>
225
226        <activity
226-->[com.google.android.gms:play-services-base:17.5.0] AndroidManifest.xml:23:9-26:75
227            android:name="com.google.android.gms.common.api.GoogleApiActivity"
227-->[com.google.android.gms:play-services-base:17.5.0] AndroidManifest.xml:24:13-79
228            android:exported="false"
228-->[com.google.android.gms:play-services-base:17.5.0] AndroidManifest.xml:25:13-37
229            android:theme="@android:style/Theme.Translucent.NoTitleBar" />
229-->[com.google.android.gms:play-services-base:17.5.0] AndroidManifest.xml:26:13-72
230
231        <provider
231-->[com.google.firebase:firebase-common:19.5.0] AndroidManifest.xml:26:9-31:39
232            android:name="com.google.firebase.provider.FirebaseInitProvider"
232-->[com.google.firebase:firebase-common:19.5.0] AndroidManifest.xml:27:13-77
233            android:authorities="com.example.helpinghand.firebaseinitprovider"
233-->[com.google.firebase:firebase-common:19.5.0] AndroidManifest.xml:28:13-72
234            android:directBootAware="true"
234-->[com.google.firebase:firebase-common:19.5.0] AndroidManifest.xml:29:13-43
235            android:exported="false"
235-->[com.google.firebase:firebase-common:19.5.0] AndroidManifest.xml:30:13-37
236            android:initOrder="100" />
236-->[com.google.firebase:firebase-common:19.5.0] AndroidManifest.xml:31:13-36
237
238        <meta-data
238-->[com.google.android.gms:play-services-basement:17.5.0] AndroidManifest.xml:23:9-25:69
239            android:name="com.google.android.gms.version"
239-->[com.google.android.gms:play-services-basement:17.5.0] AndroidManifest.xml:24:13-58
240            android:value="@integer/google_play_services_version" />
240-->[com.google.android.gms:play-services-basement:17.5.0] AndroidManifest.xml:25:13-66
241
242        <provider
242-->[androidx.work:work-runtime:2.5.0] AndroidManifest.xml:31:9-37:35
243            android:name="androidx.work.impl.WorkManagerInitializer"
243-->[androidx.work:work-runtime:2.5.0] AndroidManifest.xml:32:13-69
244            android:authorities="com.example.helpinghand.workmanager-init"
244-->[androidx.work:work-runtime:2.5.0] AndroidManifest.xml:33:13-68
245            android:directBootAware="false"
245-->[androidx.work:work-runtime:2.5.0] AndroidManifest.xml:34:13-44
246            android:exported="false"
246-->[androidx.work:work-runtime:2.5.0] AndroidManifest.xml:35:13-37
247            android:multiprocess="true" />
247-->[androidx.work:work-runtime:2.5.0] AndroidManifest.xml:36:13-40
248
249        <service
249-->[androidx.work:work-runtime:2.5.0] AndroidManifest.xml:39:9-44:35
250            android:name="androidx.work.impl.background.systemalarm.SystemAlarmService"
250-->[androidx.work:work-runtime:2.5.0] AndroidManifest.xml:40:13-88
251            android:directBootAware="false"
251-->[androidx.work:work-runtime:2.5.0] AndroidManifest.xml:41:13-44
252            android:enabled="@bool/enable_system_alarm_service_default"
252-->[androidx.work:work-runtime:2.5.0] AndroidManifest.xml:42:13-72
253            android:exported="false" />
253-->[androidx.work:work-runtime:2.5.0] AndroidManifest.xml:43:13-37
254        <service
254-->[androidx.work:work-runtime:2.5.0] AndroidManifest.xml:45:9-51:35